2026-04-06 17:27:12,410 - INFO - 🔔 Iniciando rotina matinal de sincronização...
2026-04-06 17:27:16,437 - INFO - 📂 Lendo aba: JANEIRO 2026...
2026-04-06 17:27:16,765 - INFO - 🚀 Processando 30 clientes válidos da aba JANEIRO 2026...
2026-04-06 17:27:16,789 - INFO - 💸 Agrupando consumo de Felipe | Di Margon (ID: 36997)...
2026-04-06 17:27:20,370 - INFO - 💸 Agrupando consumo de Agrointegra Gestão (ID: 37058)...
2026-04-06 17:27:23,300 - INFO - 💸 Agrupando consumo de SISGRA (ID: 37043)...
2026-04-06 17:27:26,722 - INFO - 💸 Agrupando consumo de Tiago Leite (ID: 37075)...
2026-04-06 17:27:29,387 - INFO - 💸 Agrupando consumo de TONI MARCOS GRZYBOWSKI (ID: 37081)...
2026-04-06 17:27:30,106 - INFO - 💸 Agrupando consumo de Josivaldo dos Santos Moura (ID: 37085)...
2026-04-06 17:27:30,916 - INFO - 💸 Agrupando consumo de Mateus Perego | Upgrading (ID: 37111)...
2026-04-06 17:27:33,510 - INFO - 💸 Agrupando consumo de Fernando Matos (ID: 37137)...
2026-04-06 17:27:35,545 - INFO - 💸 Agrupando consumo de Alessandro Seribeli Barreto (ID: 34392)...
2026-04-06 17:27:38,221 - INFO - 💸 Agrupando consumo de Rudineli | Dataurb (ID: 37161)...
2026-04-06 17:27:40,629 - INFO - 💸 Agrupando consumo de Thiago | Elos Tecnologia (ID: 37197)...
2026-04-06 17:27:43,290 - INFO - 💸 Agrupando consumo de Rubem | Desenvolvedor Sênior (ID: 25616)...
2026-04-06 17:27:44,148 - INFO - 💸 Agrupando consumo de Francisco Canindé Pinto (ID: 15664)...
2026-04-06 17:27:47,544 - INFO - 💸 Agrupando consumo de Rafael Corrêa | BlackRunning (ID: 36858)...
2026-04-06 17:27:51,690 - INFO - 💸 Agrupando consumo de Lenivaldo Pereira | Datasync (ID: 36931)...
2026-04-06 17:27:54,893 - INFO - 💸 Agrupando consumo de Raimundo Ferreira de Sousa (ID: 36819)...
2026-04-06 17:27:58,665 - ERROR - ❌ Erro fatal durante o processamento: Unknown datetime string format, unable to parse: 23‎/02/2026, at position 0
2026-04-06 17:27:58,668 - INFO - 🚀 Serviço de Sincronização em Docker ativo! Aguardando o horário agendado (07:00)...
2026-04-06 17:33:20,941 - INFO - 🔔 Iniciando rotina matinal de sincronização...
2026-04-06 17:33:24,163 - INFO - 📂 Lendo aba: JANEIRO 2026...
2026-04-06 17:33:24,475 - INFO - 🚀 Processando 30 clientes válidos da aba JANEIRO 2026...
2026-04-06 17:33:24,483 - INFO - 💸 Agrupando consumo de Felipe | Di Margon (ID: 36997)...
2026-04-06 17:33:27,440 - INFO - 💸 Agrupando consumo de Agrointegra Gestão (ID: 37058)...
2026-04-06 17:33:30,097 - INFO - 💸 Agrupando consumo de SISGRA (ID: 37043)...
2026-04-06 17:33:33,096 - INFO - 💸 Agrupando consumo de Tiago Leite (ID: 37075)...
2026-04-06 17:33:35,877 - INFO - 💸 Agrupando consumo de TONI MARCOS GRZYBOWSKI (ID: 37081)...
2026-04-06 17:33:36,619 - INFO - 💸 Agrupando consumo de Josivaldo dos Santos Moura (ID: 37085)...
2026-04-06 17:33:37,650 - INFO - 💸 Agrupando consumo de Mateus Perego | Upgrading (ID: 37111)...
2026-04-06 17:33:40,651 - INFO - 💸 Agrupando consumo de Fernando Matos (ID: 37137)...
2026-04-06 17:33:43,025 - INFO - 💸 Agrupando consumo de Alessandro Seribeli Barreto (ID: 34392)...
2026-04-06 17:33:45,654 - INFO - 💸 Agrupando consumo de Rudineli | Dataurb (ID: 37161)...
2026-04-06 17:33:48,552 - INFO - 💸 Agrupando consumo de Thiago | Elos Tecnologia (ID: 37197)...
2026-04-06 17:33:51,430 - INFO - 💸 Agrupando consumo de Rubem | Desenvolvedor Sênior (ID: 25616)...
2026-04-06 17:33:52,294 - INFO - 💸 Agrupando consumo de Francisco Canindé Pinto (ID: 15664)...
2026-04-06 17:33:55,608 - INFO - 💸 Agrupando consumo de Rafael Corrêa | BlackRunning (ID: 36858)...
2026-04-06 17:33:59,703 - INFO - 💸 Agrupando consumo de Lenivaldo Pereira | Datasync (ID: 36931)...
2026-04-06 17:34:03,137 - INFO - 💸 Agrupando consumo de Raimundo Ferreira de Sousa (ID: 36819)...
2026-04-06 17:34:06,753 - INFO - 💸 Agrupando consumo de Rodrigo | Chief Executive Officer (CEO) & Founder (ID: 37016)...
2026-04-06 17:34:10,647 - INFO - 💸 Agrupando consumo de Italo Pivato de Gaspero | Zorteck (ID: 36995)...
2026-04-06 17:34:14,373 - INFO - 💸 Agrupando consumo de Ermesson Rodrigues | ISPCONNECT (ID: 37028)...
2026-04-06 17:34:17,537 - INFO - 💸 Agrupando consumo de M.M.C. Comércio e Serviços de Impressões (ID: 36923)...
2026-04-06 17:34:20,853 - INFO - 💸 Agrupando consumo de Diogo Vinicius Winck (ID: 36967)...
2026-04-06 17:34:21,768 - INFO - 💸 Agrupando consumo de Marcelo | Gerente (ID: 36970)...
2026-04-06 17:34:25,232 - INFO - 💸 Agrupando consumo de Gabriel Wolf | Web Chácaras (ID: 37003)...
2026-04-06 17:34:28,447 - INFO - 💸 Agrupando consumo de IFTEC Soluções Digitais (ID: 36294)...
2026-04-06 17:34:32,574 - INFO - 💸 Agrupando consumo de Avodh (ID: 35797)...
2026-04-06 17:34:36,639 - INFO - 💸 Agrupando consumo de Insysti (ID: 36616)...
2026-04-06 17:34:40,231 - INFO - 💸 Agrupando consumo de Gerencial Sistemas (ID: 36620)...
2026-04-06 17:34:43,393 - INFO - 💸 Agrupando consumo de R&L Soluções em TI (ID: 36971)...
2026-04-06 17:34:46,810 - INFO - 💸 Agrupando consumo de Sérgio Navarro (ID: 36530)...
2026-04-06 17:34:49,908 - INFO - 💸 Agrupando consumo de Bikube Labs (ID: 36592)...
2026-04-06 17:34:50,573 - INFO - 📂 Lendo aba: FEVEREIRO 2026...
2026-04-06 17:34:51,002 - INFO - 🚀 Processando 23 clientes válidos da aba FEVEREIRO 2026...
2026-04-06 17:34:51,004 - INFO - 💸 Agrupando consumo de Cesar Augusto do Nascimento Claudino (ID: 36005)...
2026-04-06 17:34:52,247 - INFO - 💸 Agrupando consumo de Paulo Victor | LudoLABS (ID: 37222)...
2026-04-06 17:34:54,812 - INFO - 💸 Agrupando consumo de Caio | Amor de Mãe (ID: 37129)...
2026-04-06 17:34:57,852 - INFO - 💸 Agrupando consumo de Jammison (ID: 37280)...
2026-04-06 17:34:59,673 - INFO - 💸 Agrupando consumo de Rodrigo de Aguiar (ID: 37193)...
2026-04-06 17:35:00,617 - INFO - 💸 Agrupando consumo de Evaldo Leitãoo | Daime Solutions (ID: 37311)...
2026-04-06 17:35:01,846 - INFO - 💸 Agrupando consumo de Cleydson Oliveira da Rosa (ID: 37235)...
2026-04-06 17:35:04,107 - INFO - 💸 Agrupando consumo de Wober Silva (ID: 37254)...
2026-04-06 17:35:06,328 - INFO - 💸 Agrupando consumo de ACERTE SERVIÇOS CONTABEIS LTDA (ID: 37474)...
2026-04-06 17:35:09,206 - INFO - 💸 Agrupando consumo de Diorgenes Costa da Silva (ID: 37529)...
2026-04-06 17:35:10,741 - INFO - 💸 Agrupando consumo de POLLI E DANTAS IMPERMEABILIZAÇÃO E CONSTRUÇÃO LTDA (ID: 37476)...
2026-04-06 17:35:12,581 - INFO - 💸 Agrupando consumo de Walter fullstack (ID: 34511)...
2026-04-06 17:35:15,149 - INFO - 💸 Agrupando consumo de Walter Clak (ID: 37428)...
2026-04-06 17:35:17,502 - INFO - 💸 Agrupando consumo de Innova NPL (ID: 37496)...
2026-04-06 17:35:19,537 - INFO - 💸 Agrupando consumo de Eficaz (ID: 37424)...
2026-04-06 17:35:21,794 - INFO - 💸 Agrupando consumo de Aske Uhd Pennerup (ID: 37475)...
2026-04-06 17:35:23,583 - INFO - 💸 Agrupando consumo de Renato Machado (ID: 37531)...
2026-04-06 17:35:25,519 - INFO - 💸 Agrupando consumo de ANACIREMA (ID: 36588)...
2026-04-06 17:35:28,485 - INFO - 💸 Agrupando consumo de LUCFARMA (ID: 35900)...
2026-04-06 17:35:29,275 - INFO - 💸 Agrupando consumo de GSF SOLUCOES TECNOLOGICAS LTDA (ID: 36718)...
2026-04-06 17:35:32,766 - INFO - 💸 Agrupando consumo de DIGIFORTE (ID: 36800)...
2026-04-06 17:35:34,937 - INFO - 💸 Agrupando consumo de NFB SOLUÇÕES (ID: 36352)...
2026-04-06 17:35:37,581 - INFO - 💸 Agrupando consumo de ALLWARE (ID: 36014)...
2026-04-06 17:35:41,054 - INFO - 📂 Lendo aba: MARÇO 2026 ...
2026-04-06 17:35:41,418 - INFO - 🚀 Processando 19 clientes válidos da aba MARÇO 2026 ...
2026-04-06 17:35:41,423 - INFO - 💸 Agrupando consumo de Giuliana Diettrich Carvalho Pimentel (ID: 37570)...
2026-04-06 17:35:43,288 - INFO - 💸 Agrupando consumo de Darlan Guerreiro (ID: 37601)...
2026-04-06 17:35:45,032 - INFO - 💸 Agrupando consumo de Ivan Carlos Araujo de Oliveira (ID: 1047)...
2026-04-06 17:35:45,849 - INFO - 💸 Agrupando consumo de Levy Araújo (ID: 37689)...
2026-04-06 17:35:46,783 - INFO - 💸 Agrupando consumo de Francisco Gleidson da Silva Freitas (ID: 37331)...
2026-04-06 17:35:48,494 - INFO - 💸 Agrupando consumo de Gelson Lanfredi (ID: 36329)...
2026-04-06 17:35:49,797 - INFO - 💸 Agrupando consumo de Robes Marques (ID: 23524)...
2026-04-06 17:35:51,372 - INFO - 💸 Agrupando consumo de Anderson Martins Cavassola (ID: 37289)...
2026-04-06 17:35:52,872 - INFO - 💸 Agrupando consumo de Infodesign Soluções em Informática Ltda (ID: 37323)...
2026-04-06 17:35:53,857 - INFO - 💸 Agrupando consumo de jhony Rocha (ID: 26722)...
2026-04-06 17:35:55,748 - INFO - 💸 Agrupando consumo de Rafael Juan Cardoso  (ID: 29879)...
2026-04-06 17:35:57,878 - INFO - 💸 Agrupando consumo de Igor Lopes (ID: 37666)...
2026-04-06 17:35:58,818 - INFO - 💸 Agrupando consumo de Vetlligence (ID: 37685)...
2026-04-06 17:36:00,955 - INFO - 💸 Agrupando consumo de Sigeste (ID: 37741)...
2026-04-06 17:36:02,577 - INFO - 💸 Agrupando consumo de Radius Net (ID: 37764)...
2026-04-06 17:36:03,990 - INFO - 💸 Agrupando consumo de Murilo (ID: 37747)...
2026-04-06 17:36:05,402 - INFO - 💸 Agrupando consumo de Sérgio Morais dos Santos (ID: 37792)...
2026-04-06 17:36:06,733 - INFO - 💸 Agrupando consumo de ROBERTSON MATOS (ID: 37813)...
2026-04-06 17:36:07,915 - INFO - 💸 Agrupando consumo de Lucas de Moura Silva Mendes (ID: 37816)...
2026-04-06 17:36:09,240 - INFO - ✅ Todas as abas foram processadas com sucesso!
2026-04-06 17:36:09,245 - INFO - 🚀 Serviço de Sincronização em Docker ativo! Aguardando o horário agendado (07:00)...
